# JRE version: OpenJDK Runtime Environment (8.0_76-b03) (build 1.8.0_76-release-b03)
# Java VM: OpenJDK 64-Bit Server VM (25.76-b03 mixed mode windows-amd64 compressed oops)
Heap:
 PSYoungGen      total 235008K, used 143780K [0x00000000e0000000, 0x00000000f1080000, 0x0000000100000000)
  eden space 206848K, 62% used [0x00000000e0000000,0x00000000e7e711b8,0x00000000eca00000)
  from space 28160K, 50% used [0x00000000eca00000,0x00000000ed7f7ed8,0x00000000ee580000)
  to   space 27136K, 0% used [0x00000000ef600000,0x00000000ef600000,0x00000000f1080000)
 ParOldGen       total 96256K, used 60124K [0x00000000a0000000, 0x00000000a5e00000, 0x00000000e0000000)
  object space 96256K, 62% used [0x00000000a0000000,0x00000000a3ab7140,0x00000000a5e00000)
 Metaspace       used 78470K, capacity 82700K, committed 83112K, reserved 1122304K
  class space    used 10194K, capacity 11053K, committed 11184K, reserved 1048576K
GC Heap History (10 events):
Event: 4907.152 GC heap before
{Heap before GC invocations=42 (full 8):
 PSYoungGen      total 219136K, used 189440K [0x00000000e0000000, 0x00000000f0a00000, 0x0000000100000000)
  eden space 189440K, 100% used [0x00000000e0000000,0x00000000eb900000,0x00000000eb900000)
  from space 29696K, 0% used [0x00000000eb900000,0x00000000eb900000,0x00000000ed600000)
  to   space 31232K, 0% used [0x00000000eeb80000,0x00000000eeb80000,0x00000000f0a00000)
 ParOldGen       total 96256K, used 60426K [0x00000000a0000000, 0x00000000a5e00000, 0x00000000e0000000)
  object space 96256K, 62% used [0x00000000a0000000,0x00000000a3b02bc8,0x00000000a5e00000)
 Metaspace       used 77421K, capacity 81558K, committed 81832K, reserved 1120256K
  class space    used 10067K, capacity 10907K, committed 10928K, reserved 1048576K
Event: 4907.420 GC heap after
Heap after GC invocations=42 (full 8):
 PSYoungGen      total 229888K, used 7388K [0x00000000e0000000, 0x00000000f0380000, 0x0000000100000000)
  eden space 205312K, 0% used [0x00000000e0000000,0x00000000e0000000,0x00000000ec880000)
  from space 24576K, 30% used [0x00000000eeb80000,0x00000000ef2b7288,0x00000000f0380000)
  to   space 30208K, 0% used [0x00000000ec880000,0x00000000ec880000,0x00000000ee600000)
 ParOldGen       total 96256K, used 60434K [0x00000000a0000000, 0x00000000a5e00000, 0x00000000e0000000)
  object space 96256K, 62% used [0x00000000a0000000,0x00000000a3b04bc8,0x00000000a5e00000)
 Metaspace       used 77421K, capacity 81558K, committed 81832K, reserved 1120256K
  class space    used 10067K, capacity 10907K, committed 10928K, reserved 1048576K
}
Event: 4909.468 GC heap before
{Heap before GC invocations=43 (full 8):
 PSYoungGen      total 229888K, used 48901K [0x00000000e0000000, 0x00000000f0380000, 0x0000000100000000)
  eden space 205312K, 20% used [0x00000000e0000000,0x00000000e288a178,0x00000000ec880000)
  from space 24576K, 30% used [0x00000000eeb80000,0x00000000ef2b7288,0x00000000f0380000)
  to   space 30208K, 0% used [0x00000000ec880000,0x00000000ec880000,0x00000000ee600000)
 ParOldGen       total 96256K, used 60434K [0x00000000a0000000, 0x00000000a5e00000, 0x00000000e0000000)
  object space 96256K, 62% used [0x00000000a0000000,0x00000000a3b04bc8,0x00000000a5e00000)
 Metaspace       used 78260K, capacity 82578K, committed 82856K, reserved 1120256K
  class space    used 10208K, capacity 11121K, committed 11184K, reserved 1048576K
Event: 4909.482 GC heap after
Heap after GC invocations=43 (full 8):
 PSYoungGen      total 210944K, used 5501K [0x00000000e0000000, 0x00000000f0280000, 0x0000000100000000)
  eden space 205312K, 0% used [0x00000000e0000000,0x00000000e0000000,0x00000000ec880000)
  from space 5632K, 97% used [0x00000000ec880000,0x00000000ecddf658,0x00000000ece00000)
  to   space 29696K, 0% used [0x00000000ee580000,0x00000000ee580000,0x00000000f0280000)
 ParOldGen       total 96256K, used 60442K [0x00000000a0000000, 0x00000000a5e00000, 0x00000000e0000000)
  object space 96256K, 62% used [0x00000000a0000000,0x00000000a3b06bc8,0x00000000a5e00000)
 Metaspace       used 78260K, capacity 82578K, committed 82856K, reserved 1120256K
  class space    used 10208K, capacity 11121K, committed 11184K, reserved 1048576K
}
Event: 4909.482 GC heap before
{Heap before GC invocations=44 (full 9):
 PSYoungGen      total 210944K, used 5501K [0x00000000e0000000, 0x00000000f0280000, 0x0000000100000000)
  eden space 205312K, 0% used [0x00000000e0000000,0x00000000e0000000,0x00000000ec880000)
  from space 5632K, 97% used [0x00000000ec880000,0x00000000ecddf658,0x00000000ece00000)
  to   space 29696K, 0% used [0x00000000ee580000,0x00000000ee580000,0x00000000f0280000)
 ParOldGen       total 96256K, used 60442K [0x00000000a0000000, 0x00000000a5e00000, 0x00000000e0000000)
  object space 96256K, 62% used [0x00000000a0000000,0x00000000a3b06bc8,0x00000000a5e00000)
 Metaspace       used 78260K, capacity 82578K, committed 82856K, reserved 1120256K
  class space    used 10208K, capacity 11121K, committed 11184K, reserved 1048576K
Event: 4910.154 GC heap after
Heap after GC invocations=44 (full 9):
 PSYoungGen      total 210944K, used 0K [0x00000000e0000000, 0x00000000f0280000, 0x0000000100000000)
  eden space 205312K, 0% used [0x00000000e0000000,0x00000000e0000000,0x00000000ec880000)
  from space 5632K, 0% used [0x00000000ec880000,0x00000000ec880000,0x00000000ece00000)
  to   space 29696K, 0% used [0x00000000ee580000,0x00000000ee580000,0x00000000f0280000)
 ParOldGen       total 96256K, used 60108K [0x00000000a0000000, 0x00000000a5e00000, 0x00000000e0000000)
  object space 96256K, 62% used [0x00000000a0000000,0x00000000a3ab3140,0x00000000a5e00000)
 Metaspace       used 78015K, capacity 82024K, committed 82856K, reserved 1120256K
  class space    used 10145K, capacity 10963K, committed 11184K, reserved 1048576K
}
Event: 4933.075 GC heap before
{Heap before GC invocations=45 (full 9):
 PSYoungGen      total 210944K, used 205312K [0x00000000e0000000, 0x00000000f0280000, 0x0000000100000000)
  eden space 205312K, 100% used [0x00000000e0000000,0x00000000ec880000,0x00000000ec880000)
  from space 5632K, 0% used [0x00000000ec880000,0x00000000ec880000,0x00000000ece00000)
  to   space 29696K, 0% used [0x00000000ee580000,0x00000000ee580000,0x00000000f0280000)
 ParOldGen       total 96256K, used 60108K [0x00000000a0000000, 0x00000000a5e00000, 0x00000000e0000000)
  object space 96256K, 62% used [0x00000000a0000000,0x00000000a3ab3140,0x00000000a5e00000)
 Metaspace       used 78258K, capacity 82478K, committed 82856K, reserved 1120256K
  class space    used 10173K, capacity 11000K, committed 11184K, reserved 1048576K
Event: 4933.274 GC heap after
Heap after GC invocations=45 (full 9):
 PSYoungGen      total 236544K, used 12132K [0x00000000e0000000, 0x00000000f1180000, 0x0000000100000000)
  eden space 206848K, 0% used [0x00000000e0000000,0x00000000e0000000,0x00000000eca00000)
  from space 29696K, 40% used [0x00000000ee580000,0x00000000ef1593b0,0x00000000f0280000)
  to   space 28160K, 0% used [0x00000000eca00000,0x00000000eca00000,0x00000000ee580000)
 ParOldGen       total 96256K, used 60116K [0x00000000a0000000, 0x00000000a5e00000, 0x00000000e0000000)
  object space 96256K, 62% used [0x00000000a0000000,0x00000000a3ab5140,0x00000000a5e00000)
 Metaspace       used 78258K, capacity 82478K, committed 82856K, reserved 1120256K
  class space    used 10173K, capacity 11000K, committed 11184K, reserved 1048576K
}
Event: 4940.733 GC heap before
{Heap before GC invocations=46 (full 9):
 PSYoungGen      total 236544K, used 218980K [0x00000000e0000000, 0x00000000f1180000, 0x0000000100000000)
  eden space 206848K, 100% used [0x00000000e0000000,0x00000000eca00000,0x00000000eca00000)
  from space 29696K, 40% used [0x00000000ee580000,0x00000000ef1593b0,0x00000000f0280000)
  to   space 28160K, 0% used [0x00000000eca00000,0x00000000eca00000,0x00000000ee580000)
 ParOldGen       total 96256K, used 60116K [0x00000000a0000000, 0x00000000a5e00000, 0x00000000e0000000)
  object space 96256K, 62% used [0x00000000a0000000,0x00000000a3ab5140,0x00000000a5e00000)
 Metaspace       used 78362K, capacity 82520K, committed 82856K, reserved 1120256K
  class space    used 10177K, capacity 11007K, committed 11184K, reserved 1048576K
Event: 4940.765 GC heap after
Heap after GC invocations=46 (full 9):
 PSYoungGen      total 235008K, used 14303K [0x00000000e0000000, 0x00000000f1080000, 0x0000000100000000)
  eden space 206848K, 0% used [0x00000000e0000000,0x00000000e0000000,0x00000000eca00000)
  from space 28160K, 50% used [0x00000000eca00000,0x00000000ed7f7ed8,0x00000000ee580000)
  to   space 27136K, 0% used [0x00000000ef600000,0x00000000ef600000,0x00000000f1080000)
 ParOldGen       total 96256K, used 60124K [0x00000000a0000000, 0x00000000a5e00000, 0x00000000e0000000)
  object space 96256K, 62% used [0x00000000a0000000,0x00000000a3ab7140,0x00000000a5e00000)
 Metaspace       used 78362K, capacity 82520K, committed 82856K, reserved 1120256K
  class space    used 10177K, capacity 11007K, committed 11184K, reserved 1048576K
}

